2023-04-02 23:21:39.532945 - Initialized conversion of CBT311
2023-04-02 23:21:40.679361 - Received CBT.V504.FILE311.PDS from FILE311.XMI 
2023-04-02 23:21:40.682474 - Found $$$#DATE.txt (text/plain) in CBT.V504.FILE311.PDS, moved to PDS/$$$#DATE
2023-04-02 23:21:40.683811 - Found $$README.txt (text/plain) in CBT.V504.FILE311.PDS, moved to PDS/$$README
2023-04-02 23:21:40.685448 - Found $CHANGES.txt (text/plain) in CBT.V504.FILE311.PDS, moved to PDS/$CHANGES
2023-04-02 23:21:40.686623 - Found $INDEX.txt (text/plain) in CBT.V504.FILE311.PDS, moved to PDS/$INDEX
2023-04-02 23:21:40.687683 - Found $PDSLOAD.txt (text/plain) in CBT.V504.FILE311.PDS, moved to PDS/$PDSLOAD
2023-04-02 23:21:40.689043 - Found @FILE311.txt (text/plain) in CBT.V504.FILE311.PDS, moved to PDS/@FILE311
2023-04-02 23:21:40.690118 - Found APFADD.rexx (text/plain) in CBT.V504.FILE311.PDS, moved to PDS/APFADD
2023-04-02 23:21:40.691338 - Found BENCHMRK.txt (text/plain) in CBT.V504.FILE311.PDS, moved to PDS/BENCHMRK
2023-04-02 23:21:40.692525 - Found BENCHMR1.txt (text/plain) in CBT.V504.FILE311.PDS, moved to PDS/BENCHMR1
2023-04-02 23:21:40.693528 - Found BENCHMR2.txt (text/plain) in CBT.V504.FILE311.PDS, moved to PDS/BENCHMR2
2023-04-02 23:21:40.694402 - Found CATME.rexx (text/plain) in CBT.V504.FILE311.PDS, moved to PDS/CATME
2023-04-02 23:21:40.695329 - Found CA90S.rexx (text/plain) in CBT.V504.FILE311.PDS, moved to PDS/CA90S
2023-04-02 23:21:40.696199 - Found CBT$XREF.rexx (text/plain) in CBT.V504.FILE311.PDS, moved to PDS/CBT$XREF
2023-04-02 23:21:40.697113 - Found CLIPBRD.txt (text/plain) in CBT.V504.FILE311.PDS, moved to PDS/CLIPBRD
2023-04-02 23:21:40.698046 - Found COMPPDS.rexx (text/plain) in CBT.V504.FILE311.PDS, moved to PDS/COMPPDS
2023-04-02 23:21:40.698997 - Found COMPPDSJ.txt (text/plain) in CBT.V504.FILE311.PDS, moved to PDS/COMPPDSJ
2023-04-02 23:21:40.700105 - Found COPYANSI.rexx (text/plain) in CBT.V504.FILE311.PDS, moved to PDS/COPYANSI
2023-04-02 23:21:40.702073 - Found DASRC.txt (text/plain) in CBT.V504.FILE311.PDS, moved to PDS/DASRC
2023-04-02 23:21:40.760185 - Found DASRCV.xmi (application/xmit) in CBT.V504.FILE311.PDS
2023-04-02 23:21:40.767261   - Received to CBT311/DA.SOURCEV
2023-04-02 23:21:40.768918 - Found DIVER.txt (text/plain) in CBT.V504.FILE311.PDS, moved to PDS/DIVER
2023-04-02 23:21:40.769961 - Found D2SEQN.rexx (text/plain) in CBT.V504.FILE311.PDS, moved to PDS/D2SEQN
2023-04-02 23:21:40.771170 - Found FINDMOD.txt (text/plain) in CBT.V504.FILE311.PDS, moved to PDS/FINDMOD
2023-04-02 23:21:40.772213 - Found HLASMTR.rexx (text/plain) in CBT.V504.FILE311.PDS, moved to PDS/HLASMTR
2023-04-02 23:21:40.773370 - Found IMGCOPY.rexx (text/plain) in CBT.V504.FILE311.PDS, moved to PDS/IMGCOPY
2023-04-02 23:21:40.774325 - Found IMGINFO.rexx (text/plain) in CBT.V504.FILE311.PDS, moved to PDS/IMGINFO
2023-04-02 23:21:40.775367 - Found ISGECMOM.txt (text/plain) in CBT.V504.FILE311.PDS, moved to PDS/ISGECMOM
2023-04-02 23:21:40.776336 - Found ISPFVAR.rexx (text/plain) in CBT.V504.FILE311.PDS, moved to PDS/ISPFVAR
2023-04-02 23:21:40.777406 - Found ISPF34L.rexx (text/plain) in CBT.V504.FILE311.PDS, moved to PDS/ISPF34L
2023-04-02 23:21:40.778553 - Found JES2EXIT.txt (text/plain) in CBT.V504.FILE311.PDS, moved to PDS/JES2EXIT
2023-04-02 23:21:40.779682 - Found LASTUSE.rexx (text/plain) in CBT.V504.FILE311.PDS, moved to PDS/LASTUSE
2023-04-02 23:21:40.781121 - Found MPFEXITS.txt (text/plain) in CBT.V504.FILE311.PDS, moved to PDS/MPFEXITS
2023-04-02 23:21:40.782185 - Found MVSVAR.rexx (text/plain) in CBT.V504.FILE311.PDS, moved to PDS/MVSVAR
2023-04-02 23:21:40.783143 - Found NEWISPF.rexx (text/plain) in CBT.V504.FILE311.PDS, moved to PDS/NEWISPF
2023-04-02 23:21:40.784329 - Found OSCMD.rexx (text/plain) in CBT.V504.FILE311.PDS, moved to PDS/OSCMD
2023-04-02 23:21:40.785340 - Found PROGXX.txt (text/plain) in CBT.V504.FILE311.PDS, moved to PDS/PROGXX
2023-04-02 23:21:40.786263 - Found SASGIF1.txt (text/plain) in CBT.V504.FILE311.PDS, moved to PDS/SASGIF1
2023-04-02 23:21:40.787234 - Found SASGIF2.txt (text/plain) in CBT.V504.FILE311.PDS, moved to PDS/SASGIF2
2023-04-02 23:21:40.788504 - Found SHOWFDR.txt (text/plain) in CBT.V504.FILE311.PDS, moved to PDS/SHOWFDR
2023-04-02 23:21:40.789696 - Found SHOWMRO.txt (text/plain) in CBT.V504.FILE311.PDS, moved to PDS/SHOWMRO
2023-04-02 23:21:40.790677 - Found SHOWSYM.txt (text/plain) in CBT.V504.FILE311.PDS, moved to PDS/SHOWSYM
2023-04-02 23:21:40.792004 - Found SMFEXIT.txt (text/plain) in CBT.V504.FILE311.PDS, moved to PDS/SMFEXIT
2023-04-02 23:21:40.793306 - Found SMPEPP.txt (text/plain) in CBT.V504.FILE311.PDS, moved to PDS/SMPEPP
2023-04-02 23:21:40.794496 - Found SPELLCHK.txt (text/plain) in CBT.V504.FILE311.PDS, moved to PDS/SPELLCHK
2023-04-02 23:21:40.796021 - Found SUBME.rexx (text/plain) in CBT.V504.FILE311.PDS, moved to PDS/SUBME
2023-04-02 23:21:40.797281 - Found SYSVAR.rexx (text/plain) in CBT.V504.FILE311.PDS, moved to PDS/SYSVAR
2023-04-02 23:21:40.798529 - Found TOD.txt (text/plain) in CBT.V504.FILE311.PDS, moved to PDS/TOD
2023-04-02 23:21:40.799647 - Found VSMAP.rexx (text/plain) in CBT.V504.FILE311.PDS, moved to PDS/VSMAP
2023-04-02 23:21:40.801050 - Found XMITINFO.rexx (text/plain) in CBT.V504.FILE311.PDS, moved to PDS/XMITINFO
2023-04-02 23:21:40.802347 - Found Y2K.rexx (text/plain) in CBT.V504.FILE311.PDS, moved to PDS/Y2K
